<?xml version="1.0" encoding="UTF-8"?>
<!-- Generated by org.testng.reporters.JUnitXMLReporter -->
<testsuite hostname="DEVPC13" name="Test4" tests="10" failures="0" timestamp="26 Oct 2016 10:17:55 GMT" time="97.619" errors="0">
  <testcase name="testAccountEntry" time="1.739" classname="online.accountEntry"/>
  <testcase name="testOpenTree" time="6.135" classname="online.openTree"/>
  <testcase name="testCheckMenu" time="12.231" classname="online.checkMenu"/>
  <testcase name="testPlayButton" time="6.168" classname="online.playButton"/>
  <testcase name="testCheckAddCamera" time="2.147" classname="online.checkAddCamera"/>
  <testcase name="testCheckRemoveCamera" time="13.639" classname="online.checkRemoveCamera"/>
  <testcase name="testCheckRenameCamera" time="3.106" classname="online.checkRenameCamera"/>
  <testcase name="testScale" time="28.65" classname="online.scale"/>
  <testcase name="testDeleteScreen" time="22.024" classname="online.deleteScreen"/>
  <testcase name="testLogout" time="1.692" classname="online.logout"/>
</testsuite> <!-- Test4 -->
