<?xml version="1.0" encoding="UTF-8"?>
<!-- Generated by org.testng.reporters.JUnitXMLReporter -->
<testsuite hostname="DEVPC13" name="Test5" tests="7" failures="0" timestamp="26 Oct 2016 10:18:09 GMT" time="14.415" errors="0">
  <testcase name="testAccountEntry" time="1.916" classname="archive.accountEntry"/>
  <testcase name="testArchiveElements" time="2.691" classname="archive.archiveElements"/>
  <testcase name="testArchiveVideo" time="3.183" classname="archive.archiveVideo"/>
  <testcase name="testDownloadDate" time="2.087" classname="archive.downloadDate"/>
  <testcase name="testDownloadTime" time="1.591" classname="archive.downloadTime"/>
  <testcase name="testDownloadDuration" time="1.328" classname="archive.downloadDuration"/>
  <testcase name="testLogout" time="1.568" classname="online.logout"/>
</testsuite> <!-- Test5 -->
