<?xml version="1.0" encoding="UTF-8"?>
<!-- Generated by org.testng.reporters.JUnitXMLReporter -->
<testsuite hostname="DEVPC13" name="Test1" tests="6" failures="0" timestamp="26 Oct 2016 10:16:01 GMT" time="41.065" errors="0">
  <testcase name="testLoginTrue" time="7.941" classname="accountEntry.LoginTrue"/>
  <testcase name="testLoginFalse" time="0.982" classname="accountEntry.LoginFalse"/>
  <testcase name="testShowPassword" time="0.488" classname="accountEntry.ShowPassword"/>
  <testcase name="testForgotPassword" time="1.563" classname="accountEntry.ForgotPassword"/>
  <testcase name="testForgotPasswordInvalid" time="1.443" classname="accountEntry.ForgotPasswordInvalid"/>
  <testcase name="testForgotPasswordEmpty" time="1.362" classname="accountEntry.ForgotPasswordEmpty"/>
</testsuite> <!-- Test1 -->
