<?xml version="1.0" encoding="UTF-8"?>
<!-- Generated by org.testng.reporters.JUnitXMLReporter -->
<testsuite hostname="DEVPC13" name="Test4" tests="10" failures="0" timestamp="14 Oct 2016 10:25:41 GMT" time="81.894" errors="0">
  <testcase name="testAccountEntry" time="7.691" classname="online.accountEntry"/>
  <testcase name="testOpenTree" time="1.37" classname="online.openTree"/>
  <testcase name="testCheckMenu" time="11.953" classname="online.checkMenu"/>
  <testcase name="testPlayButton" time="5.932" classname="online.playButton"/>
  <testcase name="testCheckAddCamera" time="2.582" classname="online.checkAddCamera"/>
  <testcase name="testCheckRemoveCamera" time="12.302" classname="online.checkRemoveCamera"/>
  <testcase name="testCheckRenameCamera" time="2.163" classname="online.checkRenameCamera"/>
  <testcase name="testScale" time="25.903" classname="online.scale"/>
  <testcase name="testDeleteScreen" time="6.87" classname="online.deleteScreen"/>
  <testcase name="testLogout" time="2.516" classname="online.logout"/>
</testsuite> <!-- Test4 -->
