<?xml version="1.0" encoding="UTF-8"?>
<!-- Generated by org.testng.reporters.JUnitXMLReporter -->
<testsuite hostname="DEVPC13" name="Test3" tests="3" failures="0" timestamp="26 Oct 2016 10:16:17 GMT" time="11.98" errors="0">
  <testcase name="testLoginTrue" time="2.22" classname="generalTesting.LoginTrue"/>
  <testcase name="testCheckButtons" time="8.19" classname="generalTesting.CheckButtons"/>
  <testcase name="testQuit" time="1.556" classname="generalTesting.Quit"/>
</testsuite> <!-- Test3 -->
