<?xml version="1.0" encoding="UTF-8"?>
<!-- Generated by org.testng.reporters.JUnitXMLReporter -->
<testsuite hostname="DEVPC13" name="Test6" tests="11" failures="0" timestamp="26 Oct 2016 10:18:28 GMT" time="18.66" errors="0">
  <testcase name="testAccountEntry" time="1.777" classname="online.accountEntry"/>
  <testcase name="testTariffMobile" time="3.095" classname="tariffsTestsuite.tariffMobile"/>
  <testcase name="testTariffDom" time="1.133" classname="tariffsTestsuite.tariffDom"/>
  <testcase name="testTariffDel" time="1.152" classname="tariffsTestsuite.tariffDel"/>
  <testcase name="testTariffPremium" time="1.593" classname="tariffsTestsuite.tariffPremium"/>
  <testcase name="testTariffIndivid" time="0.152" classname="tariffsTestsuite.tariffIndivid"/>
  <testcase name="testTariffCorporate" time="0.502" classname="tariffsTestsuite.tariffCorporate"/>
  <testcase name="testGoToSchedule" time="5.628" classname="tariffsTestsuite.goToSchedule"/>
  <testcase name="testSaveButton" time="0.523" classname="tariffsTestsuite.saveButton"/>
  <testcase name="testSavaAllButton" time="1.594" classname="tariffsTestsuite.saveAllButton"/>
  <testcase name="testLogout" time="1.434" classname="online.logout"/>
</testsuite> <!-- Test6 -->
