<?xml version="1.0" encoding="UTF-8"?>
<testng-results skipped="0" failed="2" total="10" passed="8">
  <reporter-output>
  </reporter-output>
  <suite name="Suite1" duration-ms="20101" started-at="2016-10-10T09:44:24Z" finished-at="2016-10-10T09:44:44Z">
    <groups>
    </groups>
    <test name="Test1" duration-ms="14126" started-at="2016-10-10T09:44:24Z" finished-at="2016-10-10T09:44:38Z">
      <class name="ru.stqa.selenium.ForgotPassword">
        <test-method status="PASS" signature="initWebDriver()[pri:0, instance:ru.stqa.selenium.ForgotPassword@2c6a3f77]" name="initWebDriver" is-config="true" duration-ms="4" started-at="2016-10-10T16:44:31Z" finished-at="2016-10-10T16:44:31Z">
          <reporter-output>
          </reporter-output>
        </test-method> <!-- initWebDriver -->
        <test-method status="PASS" signature="testForgotPassword()[pri:0, instance:ru.stqa.selenium.ForgotPassword@2c6a3f77]" name="testForgotPassword" duration-ms="1392" started-at="2016-10-10T16:44:31Z" finished-at="2016-10-10T16:44:33Z">
          <reporter-output>
          </reporter-output>
        </test-method> <!-- testForgotPassword -->
      </class> <!-- ru.stqa.selenium.ForgotPassword -->
      <class name="ru.stqa.selenium.ShowPassword">
        <test-method status="PASS" signature="initWebDriver()[pri:0, instance:ru.stqa.selenium.ShowPassword@1324409e]" name="initWebDriver" is-config="true" duration-ms="4" started-at="2016-10-10T16:44:31Z" finished-at="2016-10-10T16:44:31Z">
          <reporter-output>
          </reporter-output>
        </test-method> <!-- initWebDriver -->
        <test-method status="PASS" signature="testShowPassword()[pri:0, instance:ru.stqa.selenium.ShowPassword@1324409e]" name="testShowPassword" duration-ms="500" started-at="2016-10-10T16:44:31Z" finished-at="2016-10-10T16:44:31Z">
          <reporter-output>
          </reporter-output>
        </test-method> <!-- testShowPassword -->
      </class> <!-- ru.stqa.selenium.ShowPassword -->
      <class name="ru.stqa.selenium.ForgotPasswordInvalid">
        <test-method status="PASS" signature="initWebDriver()[pri:0, instance:ru.stqa.selenium.ForgotPasswordInvalid@246ae04d]" name="initWebDriver" is-config="true" duration-ms="3" started-at="2016-10-10T16:44:33Z" finished-at="2016-10-10T16:44:33Z">
          <reporter-output>
          </reporter-output>
        </test-method> <!-- initWebDriver -->
        <test-method status="PASS" signature="testForgotPasswordInvalid()[pri:0, instance:ru.stqa.selenium.ForgotPasswordInvalid@246ae04d]" name="testForgotPasswordInvalid" duration-ms="3664" started-at="2016-10-10T16:44:33Z" finished-at="2016-10-10T16:44:36Z">
          <reporter-output>
          </reporter-output>
        </test-method> <!-- testForgotPasswordInvalid -->
      </class> <!-- ru.stqa.selenium.ForgotPasswordInvalid -->
      <class name="ru.stqa.selenium.LoginFalse">
        <test-method status="PASS" signature="initWebDriver()[pri:0, instance:ru.stqa.selenium.LoginFalse@180bc464]" name="initWebDriver" is-config="true" duration-ms="7" started-at="2016-10-10T16:44:30Z" finished-at="2016-10-10T16:44:30Z">
          <reporter-output>
          </reporter-output>
        </test-method> <!-- initWebDriver -->
        <test-method status="PASS" signature="testLoginFalse()[pri:0, instance:ru.stqa.selenium.LoginFalse@180bc464]" name="testLoginFalse" duration-ms="1098" started-at="2016-10-10T16:44:30Z" finished-at="2016-10-10T16:44:31Z">
          <reporter-output>
          </reporter-output>
        </test-method> <!-- testLoginFalse -->
      </class> <!-- ru.stqa.selenium.LoginFalse -->
      <class name="ru.stqa.selenium.ForgotPasswordEmpty">
        <test-method status="PASS" signature="initWebDriver()[pri:0, instance:ru.stqa.selenium.ForgotPasswordEmpty@62043840]" name="initWebDriver" is-config="true" duration-ms="3" started-at="2016-10-10T16:44:36Z" finished-at="2016-10-10T16:44:36Z">
          <reporter-output>
          </reporter-output>
        </test-method> <!-- initWebDriver -->
        <test-method status="PASS" signature="testForgotPasswordEmpty()[pri:0, instance:ru.stqa.selenium.ForgotPasswordEmpty@62043840]" name="testForgotPasswordEmpty" duration-ms="1387" started-at="2016-10-10T16:44:36Z" finished-at="2016-10-10T16:44:38Z">
          <reporter-output>
          </reporter-output>
        </test-method> <!-- testForgotPasswordEmpty -->
      </class> <!-- ru.stqa.selenium.ForgotPasswordEmpty -->
      <class name="ru.stqa.selenium.LoginTrue">
        <test-method status="PASS" signature="initWebDriver()[pri:0, instance:ru.stqa.selenium.LoginTrue@735f7ae5]" name="initWebDriver" is-config="true" duration-ms="2581" started-at="2016-10-10T16:44:24Z" finished-at="2016-10-10T16:44:26Z">
          <reporter-output>
          </reporter-output>
        </test-method> <!-- initWebDriver -->
        <test-method status="PASS" signature="testLoginTrue()[pri:0, instance:ru.stqa.selenium.LoginTrue@735f7ae5]" name="testLoginTrue" duration-ms="3470" started-at="2016-10-10T16:44:26Z" finished-at="2016-10-10T16:44:30Z">
          <reporter-output>
          </reporter-output>
        </test-method> <!-- testLoginTrue -->
      </class> <!-- ru.stqa.selenium.LoginTrue -->
    </test> <!-- Test1 -->
    <test name="Test2" duration-ms="563" started-at="2016-10-10T09:44:38Z" finished-at="2016-10-10T09:44:38Z">
      <class name="ru.stqa.selenium.LanguageEng">
        <test-method status="PASS" signature="initWebDriver()[pri:0, instance:ru.stqa.selenium.LanguageEng@34b7bfc0]" name="initWebDriver" is-config="true" duration-ms="4" started-at="2016-10-10T16:44:38Z" finished-at="2016-10-10T16:44:38Z">
          <reporter-output>
          </reporter-output>
        </test-method> <!-- initWebDriver -->
        <test-method status="FAIL" signature="testLanguageEng()[pri:0, instance:ru.stqa.selenium.LanguageEng@34b7bfc0]" name="testLanguageEng" duration-ms="252" started-at="2016-10-10T16:44:38Z" finished-at="2016-10-10T16:44:38Z">
          <exception class="org.openqa.selenium.ElementNotVisibleException">
            <message>
              <![CDATA[element not visible
  (Session info: chrome=53.0.2785.143)
  (Driver info: chromedriver=2.22.397933 (1cab651507b88dec79b2b2a22d1943c01833cc1b),platform=Windows NT 10.0.10586 x86_64) (WARNING: The server did not provide any stacktrace information)
Command duration or timeout: 22 milliseconds
Build info: version: '2.53.1', revision: 'a36b8b1cd5757287168e54b817830adce9b0158d', time: '2016-06-30 19:26:09'
System info: host: 'DEVPC13', ip: '192.168.28.211', os.name: 'Windows 10', os.arch: 'amd64', os.version: '10.0', java.version: '1.8.0_77'
Driver info: org.openqa.selenium.chrome.ChromeDriver
Capabilities [{applicationCacheEnabled=false, rotatable=false, mobileEmulationEnabled=false, chrome={chromedriverVersion=2.22.397933 (1cab651507b88dec79b2b2a22d1943c01833cc1b), userDataDir=C:\Users\Tester\AppData\Local\Temp\scoped_dir1812_6222}, takesHeapSnapshot=true, databaseEnabled=false, handlesAlerts=true, hasTouchScreen=false, version=53.0.2785.143, platform=XP, browserConnectionEnabled=false, nativeEvents=true, acceptSslCerts=true, locationContextEnabled=true, webStorageEnabled=true, browserName=chrome, takesScreenshot=true, javascriptEnabled=true, cssSelectorsEnabled=true}]
Session ID: 85220f546cbac66e19750164c2ec8bcd]]>
            </message>
            <full-stacktrace>
              <![CDATA[org.openqa.selenium.ElementNotVisibleException: element not visible
  (Session info: chrome=53.0.2785.143)
  (Driver info: chromedriver=2.22.397933 (1cab651507b88dec79b2b2a22d1943c01833cc1b),platform=Windows NT 10.0.10586 x86_64) (WARNING: The server did not provide any stacktrace information)
Command duration or timeout: 22 milliseconds
Build info: version: '2.53.1', revision: 'a36b8b1cd5757287168e54b817830adce9b0158d', time: '2016-06-30 19:26:09'
System info: host: 'DEVPC13', ip: '192.168.28.211', os.name: 'Windows 10', os.arch: 'amd64', os.version: '10.0', java.version: '1.8.0_77'
Driver info: org.openqa.selenium.chrome.ChromeDriver
Capabilities [{applicationCacheEnabled=false, rotatable=false, mobileEmulationEnabled=false, chrome={chromedriverVersion=2.22.397933 (1cab651507b88dec79b2b2a22d1943c01833cc1b), userDataDir=C:\Users\Tester\AppData\Local\Temp\scoped_dir1812_6222}, takesHeapSnapshot=true, databaseEnabled=false, handlesAlerts=true, hasTouchScreen=false, version=53.0.2785.143, platform=XP, browserConnectionEnabled=false, nativeEvents=true, acceptSslCerts=true, locationContextEnabled=true, webStorageEnabled=true, browserName=chrome, takesScreenshot=true, javascriptEnabled=true, cssSelectorsEnabled=true}]
Session ID: 85220f546cbac66e19750164c2ec8bcd
	at sun.reflect.NativeConstructorAccessorImpl.newInstance0(Native Method)
	at sun.reflect.NativeConstructorAccessorImpl.newInstance(NativeConstructorAccessorImpl.java:62)
	at sun.reflect.DelegatingConstructorAccessorImpl.newInstance(DelegatingConstructorAccessorImpl.java:45)
	at java.lang.reflect.Constructor.newInstance(Constructor.java:423)
	at org.openqa.selenium.remote.ErrorHandler.createThrowable(ErrorHandler.java:206)
	at org.openqa.selenium.remote.ErrorHandler.throwIfResponseFailed(ErrorHandler.java:158)
	at org.openqa.selenium.remote.RemoteWebDriver.execute(RemoteWebDriver.java:678)
	at org.openqa.selenium.remote.RemoteWebElement.execute(RemoteWebElement.java:327)
	at org.openqa.selenium.remote.RemoteWebElement.click(RemoteWebElement.java:85)
	at ru.stqa.selenium.LanguageEng.testLanguageEng(LanguageEng.java:14)
	at sun.reflect.NativeMethodAccessorImpl.invoke0(Native Method)
	at sun.reflect.NativeMethodAccessorImpl.invoke(NativeMethodAccessorImpl.java:62)
	at sun.reflect.DelegatingMethodAccessorImpl.invoke(DelegatingMethodAccessorImpl.java:43)
	at java.lang.reflect.Method.invoke(Method.java:498)
	at org.testng.internal.MethodInvocationHelper.invokeMethod(MethodInvocationHelper.java:86)
	at org.testng.internal.Invoker.invokeMethod(Invoker.java:643)
	at org.testng.internal.Invoker.invokeTestMethod(Invoker.java:820)
	at org.testng.internal.Invoker.invokeTestMethods(Invoker.java:1128)
	at org.testng.internal.TestMethodWorker.invokeTestMethods(TestMethodWorker.java:129)
	at org.testng.internal.TestMethodWorker.run(TestMethodWorker.java:112)
	at org.testng.TestRunner.privateRun(TestRunner.java:782)
	at org.testng.TestRunner.run(TestRunner.java:632)
	at org.testng.SuiteRunner.runTest(SuiteRunner.java:366)
	at org.testng.SuiteRunner.runSequentially(SuiteRunner.java:361)
	at org.testng.SuiteRunner.privateRun(SuiteRunner.java:319)
	at org.testng.SuiteRunner.run(SuiteRunner.java:268)
	at org.testng.SuiteRunnerWorker.runSuite(SuiteRunnerWorker.java:52)
	at org.testng.SuiteRunnerWorker.run(SuiteRunnerWorker.java:86)
	at org.testng.TestNG.runSuitesSequentially(TestNG.java:1244)
	at org.testng.TestNG.runSuitesLocally(TestNG.java:1169)
	at org.testng.TestNG.run(TestNG.java:1064)
	at org.apache.maven.surefire.testng.TestNGExecutor.run(TestNGExecutor.java:281)
	at org.apache.maven.surefire.testng.TestNGXmlTestSuite.execute(TestNGXmlTestSuite.java:75)
	at org.apache.maven.surefire.testng.TestNGProvider.invoke(TestNGProvider.java:121)
	at org.apache.maven.surefire.booter.ForkedBooter.invokeProviderInSameClassLoader(ForkedBooter.java:290)
	at org.apache.maven.surefire.booter.ForkedBooter.runSuitesInProcess(ForkedBooter.java:242)
	at org.apache.maven.surefire.booter.ForkedBooter.main(ForkedBooter.java:121)
]]>
            </full-stacktrace>
          </exception> <!-- org.openqa.selenium.ElementNotVisibleException -->
          <reporter-output>
          </reporter-output>
        </test-method> <!-- testLanguageEng -->
      </class> <!-- ru.stqa.selenium.LanguageEng -->
      <class name="ru.stqa.selenium.LanguageRus">
        <test-method status="PASS" signature="initWebDriver()[pri:0, instance:ru.stqa.selenium.LanguageRus@366e2eef]" name="initWebDriver" is-config="true" duration-ms="4" started-at="2016-10-10T16:44:38Z" finished-at="2016-10-10T16:44:38Z">
          <reporter-output>
          </reporter-output>
        </test-method> <!-- initWebDriver -->
        <test-method status="FAIL" signature="testLanguageRus()[pri:0, instance:ru.stqa.selenium.LanguageRus@366e2eef]" name="testLanguageRus" duration-ms="288" started-at="2016-10-10T16:44:38Z" finished-at="2016-10-10T16:44:38Z">
          <exception class="org.openqa.selenium.ElementNotVisibleException">
            <message>
              <![CDATA[element not visible
  (Session info: chrome=53.0.2785.143)
  (Driver info: chromedriver=2.22.397933 (1cab651507b88dec79b2b2a22d1943c01833cc1b),platform=Windows NT 10.0.10586 x86_64) (WARNING: The server did not provide any stacktrace information)
Command duration or timeout: 24 milliseconds
Build info: version: '2.53.1', revision: 'a36b8b1cd5757287168e54b817830adce9b0158d', time: '2016-06-30 19:26:09'
System info: host: 'DEVPC13', ip: '192.168.28.211', os.name: 'Windows 10', os.arch: 'amd64', os.version: '10.0', java.version: '1.8.0_77'
Driver info: org.openqa.selenium.chrome.ChromeDriver
Capabilities [{applicationCacheEnabled=false, rotatable=false, mobileEmulationEnabled=false, chrome={chromedriverVersion=2.22.397933 (1cab651507b88dec79b2b2a22d1943c01833cc1b), userDataDir=C:\Users\Tester\AppData\Local\Temp\scoped_dir1812_6222}, takesHeapSnapshot=true, databaseEnabled=false, handlesAlerts=true, hasTouchScreen=false, version=53.0.2785.143, platform=XP, browserConnectionEnabled=false, nativeEvents=true, acceptSslCerts=true, locationContextEnabled=true, webStorageEnabled=true, browserName=chrome, takesScreenshot=true, javascriptEnabled=true, cssSelectorsEnabled=true}]
Session ID: 85220f546cbac66e19750164c2ec8bcd]]>
            </message>
            <full-stacktrace>
              <![CDATA[org.openqa.selenium.ElementNotVisibleException: element not visible
  (Session info: chrome=53.0.2785.143)
  (Driver info: chromedriver=2.22.397933 (1cab651507b88dec79b2b2a22d1943c01833cc1b),platform=Windows NT 10.0.10586 x86_64) (WARNING: The server did not provide any stacktrace information)
Command duration or timeout: 24 milliseconds
Build info: version: '2.53.1', revision: 'a36b8b1cd5757287168e54b817830adce9b0158d', time: '2016-06-30 19:26:09'
System info: host: 'DEVPC13', ip: '192.168.28.211', os.name: 'Windows 10', os.arch: 'amd64', os.version: '10.0', java.version: '1.8.0_77'
Driver info: org.openqa.selenium.chrome.ChromeDriver
Capabilities [{applicationCacheEnabled=false, rotatable=false, mobileEmulationEnabled=false, chrome={chromedriverVersion=2.22.397933 (1cab651507b88dec79b2b2a22d1943c01833cc1b), userDataDir=C:\Users\Tester\AppData\Local\Temp\scoped_dir1812_6222}, takesHeapSnapshot=true, databaseEnabled=false, handlesAlerts=true, hasTouchScreen=false, version=53.0.2785.143, platform=XP, browserConnectionEnabled=false, nativeEvents=true, acceptSslCerts=true, locationContextEnabled=true, webStorageEnabled=true, browserName=chrome, takesScreenshot=true, javascriptEnabled=true, cssSelectorsEnabled=true}]
Session ID: 85220f546cbac66e19750164c2ec8bcd
	at sun.reflect.NativeConstructorAccessorImpl.newInstance0(Native Method)
	at sun.reflect.NativeConstructorAccessorImpl.newInstance(NativeConstructorAccessorImpl.java:62)
	at sun.reflect.DelegatingConstructorAccessorImpl.newInstance(DelegatingConstructorAccessorImpl.java:45)
	at java.lang.reflect.Constructor.newInstance(Constructor.java:423)
	at org.openqa.selenium.remote.ErrorHandler.createThrowable(ErrorHandler.java:206)
	at org.openqa.selenium.remote.ErrorHandler.throwIfResponseFailed(ErrorHandler.java:158)
	at org.openqa.selenium.remote.RemoteWebDriver.execute(RemoteWebDriver.java:678)
	at org.openqa.selenium.remote.RemoteWebElement.execute(RemoteWebElement.java:327)
	at org.openqa.selenium.remote.RemoteWebElement.click(RemoteWebElement.java:85)
	at ru.stqa.selenium.LanguageRus.testLanguageRus(LanguageRus.java:14)
	at sun.reflect.NativeMethodAccessorImpl.invoke0(Native Method)
	at sun.reflect.NativeMethodAccessorImpl.invoke(NativeMethodAccessorImpl.java:62)
	at sun.reflect.DelegatingMethodAccessorImpl.invoke(DelegatingMethodAccessorImpl.java:43)
	at java.lang.reflect.Method.invoke(Method.java:498)
	at org.testng.internal.MethodInvocationHelper.invokeMethod(MethodInvocationHelper.java:86)
	at org.testng.internal.Invoker.invokeMethod(Invoker.java:643)
	at org.testng.internal.Invoker.invokeTestMethod(Invoker.java:820)
	at org.testng.internal.Invoker.invokeTestMethods(Invoker.java:1128)
	at org.testng.internal.TestMethodWorker.invokeTestMethods(TestMethodWorker.java:129)
	at org.testng.internal.TestMethodWorker.run(TestMethodWorker.java:112)
	at org.testng.TestRunner.privateRun(TestRunner.java:782)
	at org.testng.TestRunner.run(TestRunner.java:632)
	at org.testng.SuiteRunner.runTest(SuiteRunner.java:366)
	at org.testng.SuiteRunner.runSequentially(SuiteRunner.java:361)
	at org.testng.SuiteRunner.privateRun(SuiteRunner.java:319)
	at org.testng.SuiteRunner.run(SuiteRunner.java:268)
	at org.testng.SuiteRunnerWorker.runSuite(SuiteRunnerWorker.java:52)
	at org.testng.SuiteRunnerWorker.run(SuiteRunnerWorker.java:86)
	at org.testng.TestNG.runSuitesSequentially(TestNG.java:1244)
	at org.testng.TestNG.runSuitesLocally(TestNG.java:1169)
	at org.testng.TestNG.run(TestNG.java:1064)
	at org.apache.maven.surefire.testng.TestNGExecutor.run(TestNGExecutor.java:281)
	at org.apache.maven.surefire.testng.TestNGXmlTestSuite.execute(TestNGXmlTestSuite.java:75)
	at org.apache.maven.surefire.testng.TestNGProvider.invoke(TestNGProvider.java:121)
	at org.apache.maven.surefire.booter.ForkedBooter.invokeProviderInSameClassLoader(ForkedBooter.java:290)
	at org.apache.maven.surefire.booter.ForkedBooter.runSuitesInProcess(ForkedBooter.java:242)
	at org.apache.maven.surefire.booter.ForkedBooter.main(ForkedBooter.java:121)
]]>
            </full-stacktrace>
          </exception> <!-- org.openqa.selenium.ElementNotVisibleException -->
          <reporter-output>
          </reporter-output>
        </test-method> <!-- testLanguageRus -->
      </class> <!-- ru.stqa.selenium.LanguageRus -->
    </test> <!-- Test2 -->
    <test name="Test3" duration-ms="5369" started-at="2016-10-10T09:44:38Z" finished-at="2016-10-10T09:44:44Z">
      <class name="ru.stqa.selenium.Calendar">
        <test-method status="PASS" signature="initWebDriver()[pri:0, instance:ru.stqa.selenium.Calendar@531be3c5]" name="initWebDriver" is-config="true" duration-ms="4" started-at="2016-10-10T16:44:40Z" finished-at="2016-10-10T16:44:40Z">
          <reporter-output>
          </reporter-output>
        </test-method> <!-- initWebDriver -->
        <test-method status="PASS" signature="testCalendar()[pri:0, instance:ru.stqa.selenium.Calendar@531be3c5]" name="testCalendar" duration-ms="3985" started-at="2016-10-10T16:44:40Z" finished-at="2016-10-10T16:44:44Z">
          <reporter-output>
          </reporter-output>
        </test-method> <!-- testCalendar -->
      </class> <!-- ru.stqa.selenium.Calendar -->
      <class name="ru.stqa.selenium.AccountEntry">
        <test-method status="PASS" signature="initTestSuite()[pri:0, instance:ru.stqa.selenium.AccountEntry@3551a94]" name="initTestSuite" is-config="true" duration-ms="18" started-at="2016-10-10T16:44:23Z" finished-at="2016-10-10T16:44:24Z">
          <reporter-output>
          </reporter-output>
        </test-method> <!-- initTestSuite -->
        <test-method status="PASS" signature="initWebDriver()[pri:0, instance:ru.stqa.selenium.AccountEntry@3551a94]" name="initWebDriver" is-config="true" duration-ms="4" started-at="2016-10-10T16:44:38Z" finished-at="2016-10-10T16:44:38Z">
          <reporter-output>
          </reporter-output>
        </test-method> <!-- initWebDriver -->
        <test-method status="PASS" signature="testAccountEntry()[pri:0, instance:ru.stqa.selenium.AccountEntry@3551a94]" name="testAccountEntry" duration-ms="1374" started-at="2016-10-10T16:44:38Z" finished-at="2016-10-10T16:44:40Z">
          <reporter-output>
          </reporter-output>
        </test-method> <!-- testAccountEntry -->
        <test-method status="PASS" signature="tearDown()[pri:0, instance:ru.stqa.selenium.AccountEntry@3551a94]" name="tearDown" is-config="true" duration-ms="886" started-at="2016-10-10T16:44:44Z" finished-at="2016-10-10T16:44:45Z">
          <reporter-output>
          </reporter-output>
        </test-method> <!-- tearDown -->
      </class> <!-- ru.stqa.selenium.AccountEntry -->
    </test> <!-- Test3 -->
  </suite> <!-- Suite1 -->
</testng-results>
