<?xml version="1.0" encoding="UTF-8"?>
<testng-results skipped="0" failed="0" total="1" passed="1">
  <reporter-output>
  </reporter-output>
  <suite name="Default suite" duration-ms="4818" started-at="2016-10-07T03:48:24Z" finished-at="2016-10-07T03:48:28Z">
    <groups>
    </groups>
    <test name="Default test" duration-ms="4818" started-at="2016-10-07T03:48:24Z" finished-at="2016-10-07T03:48:28Z">
      <class name="ru.stqa.selenium.AccountEntry">
        <test-method status="PASS" signature="initTestSuite()[pri:0, instance:ru.stqa.selenium.AccountEntry@28d25987]" name="initTestSuite" is-config="true" duration-ms="15" started-at="2016-10-07T10:48:24Z" finished-at="2016-10-07T10:48:24Z">
          <reporter-output>
          </reporter-output>
        </test-method> <!-- initTestSuite -->
        <test-method status="PASS" signature="initWebDriver()[pri:0, instance:ru.stqa.selenium.AccountEntry@28d25987]" name="initWebDriver" is-config="true" duration-ms="2514" started-at="2016-10-07T10:48:24Z" finished-at="2016-10-07T10:48:26Z">
          <reporter-output>
          </reporter-output>
        </test-method> <!-- initWebDriver -->
        <test-method status="PASS" signature="testAccountEntry()[pri:0, instance:ru.stqa.selenium.AccountEntry@28d25987]" name="testAccountEntry" duration-ms="2290" started-at="2016-10-07T10:48:26Z" finished-at="2016-10-07T10:48:28Z">
          <reporter-output>
          </reporter-output>
        </test-method> <!-- testAccountEntry -->
        <test-method status="PASS" signature="tearDown()[pri:0, instance:ru.stqa.selenium.AccountEntry@28d25987]" name="tearDown" is-config="true" duration-ms="839" started-at="2016-10-07T10:48:28Z" finished-at="2016-10-07T10:48:29Z">
          <reporter-output>
          </reporter-output>
        </test-method> <!-- tearDown -->
      </class> <!-- ru.stqa.selenium.AccountEntry -->
    </test> <!-- Default test -->
  </suite> <!-- Default suite -->
</testng-results>
