<?xml version="1.0" encoding="UTF-8"?>
<testng-results skipped="0" failed="0" total="1" passed="1">
  <reporter-output>
  </reporter-output>
  <suite name="Default suite" duration-ms="18464" started-at="2016-10-07T03:34:24Z" finished-at="2016-10-07T03:34:42Z">
    <groups>
    </groups>
    <test name="Default test" duration-ms="18464" started-at="2016-10-07T03:34:24Z" finished-at="2016-10-07T03:34:42Z">
      <class name="ru.stqa.selenium.AccountEntry">
        <test-method status="PASS" signature="initTestSuite()[pri:0, instance:ru.stqa.selenium.AccountEntry@28d25987]" name="initTestSuite" is-config="true" duration-ms="15" started-at="2016-10-07T10:34:24Z" finished-at="2016-10-07T10:34:24Z">
          <reporter-output>
          </reporter-output>
        </test-method> <!-- initTestSuite -->
        <test-method status="PASS" signature="initWebDriver()[pri:0, instance:ru.stqa.selenium.AccountEntry@28d25987]" name="initWebDriver" is-config="true" duration-ms="2536" started-at="2016-10-07T10:34:24Z" finished-at="2016-10-07T10:34:26Z">
          <reporter-output>
          </reporter-output>
        </test-method> <!-- initWebDriver -->
        <test-method status="PASS" signature="testAccountEntry()[pri:0, instance:ru.stqa.selenium.AccountEntry@28d25987]" name="testAccountEntry" duration-ms="15915" started-at="2016-10-07T10:34:26Z" finished-at="2016-10-07T10:34:42Z">
          <reporter-output>
          </reporter-output>
        </test-method> <!-- testAccountEntry -->
        <test-method status="PASS" signature="tearDown()[pri:0, instance:ru.stqa.selenium.AccountEntry@28d25987]" name="tearDown" is-config="true" duration-ms="855" started-at="2016-10-07T10:34:42Z" finished-at="2016-10-07T10:34:43Z">
          <reporter-output>
          </reporter-output>
        </test-method> <!-- tearDown -->
      </class> <!-- ru.stqa.selenium.AccountEntry -->
    </test> <!-- Default test -->
  </suite> <!-- Default suite -->
</testng-results>
